# JRE version: OpenJDK Runtime Environment (23.0.2+7) (build 23.0.2+7-58)
# Java VM: OpenJDK 64-Bit Server VM (23.0.2+7-58, mixed mode, sharing, tiered, compressed oops, compressed class ptrs, g1 gc, windows-amd64)
GC Precious Log:
 CardTable entry size: 512
 Card Set container configuration: InlinePtr #cards 4 size 8 Array Of Cards #cards 64 size 144 Howl #buckets 8 coarsen threshold 14745 Howl Bitmap #cards 2048 size 272 coarsen threshold 1843 Card regions per heap region 1 cards per card region 16384
 CPUs: 28 total, 28 available
 Memory: 65361M
 Large Page Support: Disabled
 NUMA Support: Disabled
 Compressed Oops: Enabled (Zero based)
 Heap Region Size: 8M
 Heap Min Capacity: 8M
 Heap Initial Capacity: 1G
 Heap Max Capacity: 16344M
 Pre-touch: Disabled
 Parallel Workers: 20
 Concurrent Workers: 5
 Concurrent Refinement Workers: 20
 Periodic GC: Disabled
Heap:
 garbage-first heap   total reserved 16736256K, committed 2621440K, used 133888K [0x0000000402800000, 0x0000000800000000)
  region size 8192K, 5 young (40960K), 1 survivors (8192K)
 Metaspace       used 5609K, committed 5824K, reserved 1114112K
  class space    used 794K, committed 896K, reserved 1048576K
GC Heap History (16 events):
Event: 0.066 GC heap before
{Heap before GC invocations=0 (full 0):
 garbage-first heap   total reserved 16736256K, committed 1048576K, used 40960K [0x0000000402800000, 0x0000000800000000)
  region size 8192K, 6 young (49152K), 0 survivors (0K)
 Metaspace       used 583K, committed 768K, reserved 1114112K
  class space    used 37K, committed 128K, reserved 1048576K
}
Event: 0.073 GC heap after
{Heap after GC invocations=1 (full 0):
 garbage-first heap   total reserved 16736256K, committed 1048576K, used 38656K [0x0000000402800000, 0x0000000800000000)
  region size 8192K, 1 young (8192K), 1 survivors (8192K)
 Metaspace       used 583K, committed 768K, reserved 1114112K
  class space    used 37K, committed 128K, reserved 1048576K
}
Event: 0.088 GC heap before
{Heap before GC invocations=1 (full 0):
 garbage-first heap   total reserved 16736256K, committed 1048576K, used 79616K [0x0000000402800000, 0x0000000800000000)
  region size 8192K, 6 young (49152K), 1 survivors (8192K)
 Metaspace       used 592K, committed 768K, reserved 1114112K
  class space    used 37K, committed 128K, reserved 1048576K
}
Event: 0.095 GC heap after
{Heap after GC invocations=2 (full 0):
 garbage-first heap   total reserved 16736256K, committed 1048576K, used 74590K [0x0000000402800000, 0x0000000800000000)
  region size 8192K, 1 young (8192K), 1 survivors (8192K)
 Metaspace       used 592K, committed 768K, reserved 1114112K
  class space    used 37K, committed 128K, reserved 1048576K
}
Event: 0.140 GC heap before
{Heap before GC invocations=2 (full 0):
 garbage-first heap   total reserved 16736256K, committed 1048576K, used 123742K [0x0000000402800000, 0x0000000800000000)
  region size 8192K, 6 young (49152K), 1 survivors (8192K)
 Metaspace       used 776K, committed 960K, reserved 1114112K
  class space    used 42K, committed 128K, reserved 1048576K
}
Event: 0.149 GC heap after
{Heap after GC invocations=3 (full 0):
 garbage-first heap   total reserved 16736256K, committed 1048576K, used 96459K [0x0000000402800000, 0x0000000800000000)
  region size 8192K, 1 young (8192K), 1 survivors (8192K)
 Metaspace       used 776K, committed 960K, reserved 1114112K
  class space    used 42K, committed 128K, reserved 1048576K
}
Event: 0.159 GC heap before
{Heap before GC invocations=3 (full 0):
 garbage-first heap   total reserved 16736256K, committed 1048576K, used 137419K [0x0000000402800000, 0x0000000800000000)
  region size 8192K, 6 young (49152K), 1 survivors (8192K)
 Metaspace       used 777K, committed 960K, reserved 1114112K
  class space    used 42K, committed 128K, reserved 1048576K
}
Event: 0.162 GC heap after
{Heap after GC invocations=4 (full 0):
 garbage-first heap   total reserved 16736256K, committed 1048576K, used 98326K [0x0000000402800000, 0x0000000800000000)
  region size 8192K, 1 young (8192K), 1 survivors (8192K)
 Metaspace       used 777K, committed 960K, reserved 1114112K
  class space    used 42K, committed 128K, reserved 1048576K
}
Event: 0.218 GC heap before
{Heap before GC invocations=4 (full 0):
 garbage-first heap   total reserved 16736256K, committed 1048576K, used 172054K [0x0000000402800000, 0x0000000800000000)
  region size 8192K, 10 young (81920K), 1 survivors (8192K)
 Metaspace       used 777K, committed 960K, reserved 1114112K
  class space    used 42K, committed 128K, reserved 1048576K
}
Event: 0.226 GC heap after
{Heap after GC invocations=5 (full 0):
 garbage-first heap   total reserved 16736256K, committed 2621440K, used 98188K [0x0000000402800000, 0x0000000800000000)
  region size 8192K, 1 young (8192K), 1 survivors (8192K)
 Metaspace       used 777K, committed 960K, reserved 1114112K
  class space    used 42K, committed 128K, reserved 1048576K
}
Event: 0.417 GC heap before
{Heap before GC invocations=5 (full 0):
 garbage-first heap   total reserved 16736256K, committed 2621440K, used 221068K [0x0000000402800000, 0x0000000800000000)
  region size 8192K, 16 young (131072K), 1 survivors (8192K)
 Metaspace       used 777K, committed 960K, reserved 1114112K
  class space    used 42K, committed 128K, reserved 1048576K
}
Event: 0.422 GC heap after
{Heap after GC invocations=6 (full 0):
 garbage-first heap   total reserved 16736256K, committed 2621440K, used 109332K [0x0000000402800000, 0x0000000800000000)
  region size 8192K, 1 young (8192K), 1 survivors (8192K)
 Metaspace       used 777K, committed 960K, reserved 1114112K
  class space    used 42K, committed 128K, reserved 1048576K
}
Event: 0.439 GC heap before
{Heap before GC invocations=6 (full 0):
 garbage-first heap   total reserved 16736256K, committed 2621440K, used 232212K [0x0000000402800000, 0x0000000800000000)
  region size 8192K, 16 young (131072K), 1 survivors (8192K)
 Metaspace       used 777K, committed 960K, reserved 1114112K
  class space    used 42K, committed 128K, reserved 1048576K
}
Event: 0.444 GC heap after
{Heap after GC invocations=7 (full 0):
 garbage-first heap   total reserved 16736256K, committed 2621440K, used 109302K [0x0000000402800000, 0x0000000800000000)
  region size 8192K, 1 young (8192K), 1 survivors (8192K)
 Metaspace       used 777K, committed 960K, reserved 1114112K
  class space    used 42K, committed 128K, reserved 1048576K
}
Event: 0.458 GC heap before
{Heap before GC invocations=7 (full 0):
 garbage-first heap   total reserved 16736256K, committed 2621440K, used 232182K [0x0000000402800000, 0x0000000800000000)
  region size 8192K, 16 young (131072K), 1 survivors (8192K)
 Metaspace       used 777K, committed 960K, reserved 1114112K
  class space    used 42K, committed 128K, reserved 1048576K
}
Event: 0.459 GC heap after
{Heap after GC invocations=8 (full 0):
 garbage-first heap   total reserved 16736256K, committed 2621440K, used 109312K [0x0000000402800000, 0x0000000800000000)
  region size 8192K, 1 young (8192K), 1 survivors (8192K)
 Metaspace       used 777K, committed 960K, reserved 1114112K
  class space    used 42K, committed 128K, reserved 1048576K
}

